<?xml version="1.0" encoding="UTF-8"?>
<robot generator="Robot 7.3.2 (Python 3.13.2 on win32)" generated="2025-10-11T18:42:23.863529" rpa="false" schemaversion="5">
<suite id="s1" name="DatabaseLibrary" source="C:\RobotMay\DatabaseLibrary">
<suite id="s1-s1" name="Database" source="C:\RobotMay\DatabaseLibrary\database.robot">
<test id="s1-s1-t1" name="Exemplo 01: Executando scripts SQL via Arquivos" line="15">
<kw name="Conectar no Banco de Dados" type="SETUP">
<kw name="Connect To Database" owner="DatabaseLibrary">
<msg time="2025-10-11T18:42:24.030188" level="INFO">Looking for configuration file: 'resources\db.cfg'</msg>
<msg time="2025-10-11T18:42:24.030393" level="INFO">Configuration file doesn't exist</msg>
<msg time="2025-10-11T18:42:24.059808" level="INFO">Connect to DB using : psycopg2.connect(database='robot', user='postgres', password=***, host='localhost', port=5432)</msg>
<arg>db_module=psycopg2</arg>
<arg>db_name=robot</arg>
<arg>db_user=postgres</arg>
<arg>db_password=1234</arg>
<arg>db_host=localhost</arg>
<arg>db_port=5432</arg>
<doc>Creates a database connection using the DB API 2.0 ``db_module`` and the parameters provided.
Along with listed commonly used arguments (`db_name`, `db_host` etc.)
you can set any other DB module specific parameters as key/value pairs.</doc>
<status status="PASS" start="2025-10-11T18:42:24.029766" elapsed="0.135991"/>
</kw>
<status status="PASS" start="2025-10-11T18:42:24.029056" elapsed="0.136908"/>
</kw>
<kw name="Execute Sql String" owner="DatabaseLibrary">
<msg time="2025-10-11T18:42:24.166822" level="INFO" html="true">Executing sql:&lt;br&gt;&lt;code style="font-weight: bold;"&gt;DROP TABLE IF EXISTS account&lt;/code&gt;</msg>
<msg time="2025-10-11T18:42:24.169852" level="INFO">Commit the transaction</msg>
<arg>sql_string=DROP TABLE IF EXISTS account</arg>
<doc>Executes the ``sql_string`` as a single SQL command.</doc>
<status status="PASS" start="2025-10-11T18:42:24.166494" elapsed="0.003694"/>
</kw>
<kw name="Executar script via ARQUIVO no Banco de Dados">
<kw name="Execute Sql Script" owner="DatabaseLibrary">
<msg time="2025-10-11T18:42:24.172182" level="INFO">Splitting script file into statements...</msg>
<msg time="2025-10-11T18:42:24.173102" level="INFO" html="true">Executing sql:&lt;br&gt;&lt;code style="font-weight: bold;"&gt;CREATE TABLE account( user_id serial PRIMARY KEY, username VARCHAR (50) UNIQUE NOT NULL, password VARCHAR (50) NOT NULL, email VARCHAR (355) UNIQUE NOT NULL )&lt;/code&gt;</msg>
<msg time="2025-10-11T18:42:24.197589" level="INFO">Commit the transaction</msg>
<arg>script_path=${FILE}</arg>
<doc>Executes the content of the SQL script file loaded from `script_path` as SQL commands.</doc>
<status status="PASS" start="2025-10-11T18:42:24.171639" elapsed="0.027615"/>
</kw>
<arg>C:\\RobotMay\\DatabaseLibrary/my_sql_scripts/create_table_accounts.sql</arg>
<status status="PASS" start="2025-10-11T18:42:24.170901" elapsed="0.028544"/>
</kw>
<kw name="Executar script via ARQUIVO no Banco de Dados">
<kw name="Execute Sql Script" owner="DatabaseLibrary">
<msg time="2025-10-11T18:42:24.200690" level="INFO">Splitting script file into statements...</msg>
<msg time="2025-10-11T18:42:24.200905" level="INFO" html="true">Executing sql:&lt;br&gt;&lt;code style="font-weight: bold;"&gt;INSERT INTO account (user_id, username, password, email) VALUES (1, 'May Fernandes', 'robot123', 'robotizando@robot.com')&lt;/code&gt;</msg>
<msg time="2025-10-11T18:42:24.206968" level="INFO">Commit the transaction</msg>
<arg>script_path=${FILE}</arg>
<doc>Executes the content of the SQL script file loaded from `script_path` as SQL commands.</doc>
<status status="PASS" start="2025-10-11T18:42:24.200319" elapsed="0.007100"/>
</kw>
<arg>C:\\RobotMay\\DatabaseLibrary/my_sql_scripts/insert_into_account.sql</arg>
<status status="PASS" start="2025-10-11T18:42:24.199892" elapsed="0.007653"/>
</kw>
<kw name="Confere se &quot;May Fernandes&quot; foi inserido com sucesso" source_name="Confere se &quot;${USER}&quot; foi inserido com sucesso">
<kw name="Row Count" owner="DatabaseLibrary">
<msg time="2025-10-11T18:42:24.208821" level="FAIL">ValueError: Alias '1' not found in existing connections.</msg>
<arg>SELECT username FROM account WHERE username = '${USER}'</arg>
<arg>==</arg>
<arg>1</arg>
<doc>Runs a query with the ``select_statement`` and returns the number of rows in the result.</doc>
<status status="FAIL" start="2025-10-11T18:42:24.208417" elapsed="0.003537">ValueError: Alias '1' not found in existing connections.</status>
</kw>
<status status="FAIL" start="2025-10-11T18:42:24.207991" elapsed="0.004213">ValueError: Alias '1' not found in existing connections.</status>
</kw>
<kw name="Desconectar do Banco de Dados" type="TEARDOWN">
<kw name="Disconnect From Database" owner="DatabaseLibrary">
<doc>Disconnects from the database.</doc>
<status status="PASS" start="2025-10-11T18:42:24.213341" elapsed="0.000360"/>
</kw>
<status status="PASS" start="2025-10-11T18:42:24.212838" elapsed="0.001008"/>
</kw>
<status status="FAIL" start="2025-10-11T18:42:24.027984" elapsed="0.186139">ValueError: Alias '1' not found in existing connections.</status>
</test>
<test id="s1-s1-t2" name="Exemplo 02: Executando scripts SQL via STRING" line="21">
<kw name="Conectar no Banco de Dados" type="SETUP">
<kw name="Connect To Database" owner="DatabaseLibrary">
<msg time="2025-10-11T18:42:24.218036" level="INFO">Looking for configuration file: 'resources\db.cfg'</msg>
<msg time="2025-10-11T18:42:24.218278" level="INFO">Configuration file doesn't exist</msg>
<msg time="2025-10-11T18:42:24.218833" level="INFO">Connect to DB using : psycopg2.connect(database='robot', user='postgres', password=***, host='localhost', port=5432)</msg>
<arg>db_module=psycopg2</arg>
<arg>db_name=robot</arg>
<arg>db_user=postgres</arg>
<arg>db_password=1234</arg>
<arg>db_host=localhost</arg>
<arg>db_port=5432</arg>
<doc>Creates a database connection using the DB API 2.0 ``db_module`` and the parameters provided.
Along with listed commonly used arguments (`db_name`, `db_host` etc.)
you can set any other DB module specific parameters as key/value pairs.</doc>
<status status="PASS" start="2025-10-11T18:42:24.217420" elapsed="0.087011"/>
</kw>
<status status="PASS" start="2025-10-11T18:42:24.216827" elapsed="0.088084"/>
</kw>
<kw name="Executar script via STRING no Banco de Dados">
<kw name="Execute Sql String" owner="DatabaseLibrary">
<msg time="2025-10-11T18:42:24.308123" level="INFO" html="true">Executing sql:&lt;br&gt;&lt;code style="font-weight: bold;"&gt;INSERT INTO public.account(user_id, username, password, email) VALUES (2, 'Luiz Silva', 'robot987', 'robotizando2@robot.com')&lt;/code&gt;</msg>
<msg time="2025-10-11T18:42:24.311129" level="INFO">Commit the transaction</msg>
<arg>sql_string=${SCRIPT}</arg>
<doc>Executes the ``sql_string`` as a single SQL command.</doc>
<status status="PASS" start="2025-10-11T18:42:24.307485" elapsed="0.005600"/>
</kw>
<arg>INSERT INTO public.account(user_id, username, password, email) VALUES (2, 'Luiz Silva', 'robot987', 'robotizando2@robot.com')</arg>
<status status="PASS" start="2025-10-11T18:42:24.306705" elapsed="0.006595"/>
</kw>
<kw name="Confere se &quot;Luiz Silva&quot; foi inserido com sucesso" source_name="Confere se &quot;${USER}&quot; foi inserido com sucesso">
<kw name="Row Count" owner="DatabaseLibrary">
<msg time="2025-10-11T18:42:24.314654" level="FAIL">ValueError: Alias '1' not found in existing connections.</msg>
<arg>SELECT username FROM account WHERE username = '${USER}'</arg>
<arg>==</arg>
<arg>1</arg>
<doc>Runs a query with the ``select_statement`` and returns the number of rows in the result.</doc>
<status status="FAIL" start="2025-10-11T18:42:24.314251" elapsed="0.001930">ValueError: Alias '1' not found in existing connections.</status>
</kw>
<status status="FAIL" start="2025-10-11T18:42:24.313800" elapsed="0.002607">ValueError: Alias '1' not found in existing connections.</status>
</kw>
<kw name="Desconectar do Banco de Dados" type="TEARDOWN">
<kw name="Disconnect From Database" owner="DatabaseLibrary">
<doc>Disconnects from the database.</doc>
<status status="PASS" start="2025-10-11T18:42:24.317333" elapsed="0.000624"/>
</kw>
<status status="PASS" start="2025-10-11T18:42:24.316937" elapsed="0.001174"/>
</kw>
<status status="FAIL" start="2025-10-11T18:42:24.215642" elapsed="0.102753">ValueError: Alias '1' not found in existing connections.</status>
</test>
<test id="s1-s1-t3" name="Exemplo 03: Select Statement" line="25">
<kw name="Conectar no Banco de Dados" type="SETUP">
<kw name="Connect To Database" owner="DatabaseLibrary">
<msg time="2025-10-11T18:42:24.328697" level="INFO">Looking for configuration file: 'resources\db.cfg'</msg>
<msg time="2025-10-11T18:42:24.328973" level="INFO">Configuration file doesn't exist</msg>
<msg time="2025-10-11T18:42:24.329791" level="INFO">Connect to DB using : psycopg2.connect(database='robot', user='postgres', password=***, host='localhost', port=5432)</msg>
<arg>db_module=psycopg2</arg>
<arg>db_name=robot</arg>
<arg>db_user=postgres</arg>
<arg>db_password=1234</arg>
<arg>db_host=localhost</arg>
<arg>db_port=5432</arg>
<doc>Creates a database connection using the DB API 2.0 ``db_module`` and the parameters provided.
Along with listed commonly used arguments (`db_name`, `db_host` etc.)
you can set any other DB module specific parameters as key/value pairs.</doc>
<status status="PASS" start="2025-10-11T18:42:24.327736" elapsed="0.117384"/>
</kw>
<status status="PASS" start="2025-10-11T18:42:24.327003" elapsed="0.118292"/>
</kw>
<kw name="Executar query no Banco de dados">
<kw name="Query" owner="DatabaseLibrary">
<msg time="2025-10-11T18:42:24.447148" level="INFO" html="true">Executing sql:&lt;br&gt;&lt;code style="font-weight: bold;"&gt;SELECT * from account&lt;/code&gt;</msg>
<msg time="2025-10-11T18:42:24.453414" level="INFO">Commit the transaction</msg>
<msg time="2025-10-11T18:42:24.453923" level="INFO" html="true">&lt;div style="max-width: 100%; overflow-x: auto; max-height: 500px; overflow-y: auto;"&gt;&lt;table style="width: auto; border-collapse: collapse; border: 2px solid rgb(140 140 140)"&gt;&lt;caption style="text-align: left; font-weight: bold; padding: 5px;"&gt;Query returned 2 rows&lt;/caption&gt;&lt;tr&gt;&lt;th scope="col" style="position: sticky; top: 0; color:black; background-color: #d6ecd4; border: 1px solid rgb(160 160 160);padding: 8px 10px;text-align: center;"&gt;Row&lt;/th&gt;&lt;th scope="col" style="position: sticky; top: 0; background-color: #505050; color: #fff;border: 1px solid rgb(160 160 160);padding: 8px 10px;text-align: center;"&gt;user_id&lt;/th&gt;&lt;th scope="col" style="position: sticky; top: 0; background-color: #505050; color: #fff;border: 1px solid rgb(160 160 160);padding: 8px 10px;text-align: center;"&gt;username&lt;/th&gt;&lt;th scope="col" style="position: sticky; top: 0; background-color: #505050; color: #fff;border: 1px solid rgb(160 160 160);padding: 8px 10px;text-align: center;"&gt;password&lt;/th&gt;&lt;th scope="col" style="position: sticky; top: 0; background-color: #505050; color: #fff;border: 1px solid rgb(160 160 160);padding: 8px 10px;text-align: center;"&gt;email&lt;/th&gt;&lt;/tr&gt;&lt;tr style="background-color: var(--secondary-color, #eee)"&gt;&lt;th scope="row" style="color:black; background-color: #d6ecd4;border: 1px solid rgb(160 160 160);padding: 8px 10px;text-align: center;"&gt;0&lt;/th&gt;&lt;td style="border: 1px solid rgb(160 160 160);padding: 8px 10px;text-align: center;"&gt;1&lt;/td&gt;&lt;td style="border: 1px solid rgb(160 160 160);padding: 8px 10px;text-align: center;"&gt;May Fernandes&lt;/td&gt;&lt;td style="border: 1px solid rgb(160 160 160);padding: 8px 10px;text-align: center;"&gt;robot123&lt;/td&gt;&lt;td style="border: 1px solid rgb(160 160 160);padding: 8px 10px;text-align: center;"&gt;robotizando@robot.com&lt;/td&gt;&lt;/tr&gt;&lt;tr&gt;&lt;th scope="row" style="color:black; background-color: #d6ecd4;border: 1px solid rgb(160 160 160);padding: 8px 10px;text-align: center;"&gt;1&lt;/th&gt;&lt;td style="border: 1px solid rgb(160 160 160);padding: 8px 10px;text-align: center;"&gt;2&lt;/td&gt;&lt;td style="border: 1px solid rgb(160 160 160);padding: 8px 10px;text-align: center;"&gt;Luiz Silva&lt;/td&gt;&lt;td style="border: 1px solid rgb(160 160 160);padding: 8px 10px;text-align: center;"&gt;robot987&lt;/td&gt;&lt;td style="border: 1px solid rgb(160 160 160);padding: 8px 10px;text-align: center;"&gt;robotizando2@robot.com&lt;/td&gt;&lt;/tr&gt;&lt;/table&gt;&lt;/div&gt;</msg>
<msg time="2025-10-11T18:42:24.454354" level="INFO">${RESPONSE_QUERY} = [(1, 'May Fernandes', 'robot123', 'robotizando@robot.com'), (2, 'Luiz Silva', 'robot987', 'robotizando2@robot.com')]</msg>
<var>${RESPONSE_QUERY}</var>
<arg>select_statement=${QUERY}</arg>
<doc>Runs a query with the ``select_statement`` and returns the result as list of rows.
The type of row values depends on the database module -
usually they are tuples or tuple-like objects.</doc>
<status status="PASS" start="2025-10-11T18:42:24.446758" elapsed="0.007687"/>
</kw>
<return>
<value>${RESPONSE_QUERY}</value>
<status status="PASS" start="2025-10-11T18:42:24.454646" elapsed="0.000133"/>
</return>
<msg time="2025-10-11T18:42:24.455347" level="INFO">${RESPOSTA_SELECT} = [(1, 'May Fernandes', 'robot123', 'robotizando@robot.com'), (2, 'Luiz Silva', 'robot987', 'robotizando2@robot.com')]</msg>
<var>${RESPOSTA_SELECT}</var>
<arg>SELECT * from account</arg>
<status status="PASS" start="2025-10-11T18:42:24.445957" elapsed="0.009462"/>
</kw>
<kw name="Log" owner="BuiltIn">
<msg time="2025-10-11T18:42:24.457015" level="INFO">[(1, 'May Fernandes', 'robot123', 'robotizando@robot.com'), (2, 'Luiz Silva', 'robot987', 'robotizando2@robot.com')]</msg>
<arg>${RESPOSTA_SELECT}</arg>
<doc>Logs the given message with the given level.</doc>
<status status="PASS" start="2025-10-11T18:42:24.456608" elapsed="0.000535"/>
</kw>
<kw name="Log" owner="BuiltIn">
<msg time="2025-10-11T18:42:24.459588" level="INFO">Usuário 1 - Nome: May Fernandes - E-mail: robotizando@robot.com</msg>
<arg>Usuário ${RESPOSTA_SELECT[0][0]} - Nome: ${RESPOSTA_SELECT[0][1]} - E-mail: ${RESPOSTA_SELECT[0][3]}</arg>
<doc>Logs the given message with the given level.</doc>
<status status="PASS" start="2025-10-11T18:42:24.457619" elapsed="0.002062"/>
</kw>
<kw name="Log" owner="BuiltIn">
<msg time="2025-10-11T18:42:24.461771" level="INFO">Usuário 2 - Nome: Luiz Silva - E-mail: robotizando2@robot.com</msg>
<arg>Usuário ${RESPOSTA_SELECT[1][0]} - Nome: ${RESPOSTA_SELECT[1][1]} - E-mail: ${RESPOSTA_SELECT[1][3]}</arg>
<doc>Logs the given message with the given level.</doc>
<status status="PASS" start="2025-10-11T18:42:24.460135" elapsed="0.001788"/>
</kw>
<kw name="Desconectar do Banco de Dados" type="TEARDOWN">
<kw name="Disconnect From Database" owner="DatabaseLibrary">
<doc>Disconnects from the database.</doc>
<status status="PASS" start="2025-10-11T18:42:24.462984" elapsed="0.000626"/>
</kw>
<status status="PASS" start="2025-10-11T18:42:24.462584" elapsed="0.001306"/>
</kw>
<status status="PASS" start="2025-10-11T18:42:24.319763" elapsed="0.146989"/>
</test>
<test id="s1-s1-t4" name="Exemplo 04: Limpando Tabelas" line="32">
<kw name="Conectar no Banco de Dados" type="SETUP">
<kw name="Connect To Database" owner="DatabaseLibrary">
<msg time="2025-10-11T18:42:24.478250" level="INFO">Looking for configuration file: 'resources\db.cfg'</msg>
<msg time="2025-10-11T18:42:24.478456" level="INFO">Configuration file doesn't exist</msg>
<msg time="2025-10-11T18:42:24.478981" level="INFO">Connect to DB using : psycopg2.connect(database='robot', user='postgres', password=***, host='localhost', port=5432)</msg>
<arg>db_module=psycopg2</arg>
<arg>db_name=robot</arg>
<arg>db_user=postgres</arg>
<arg>db_password=1234</arg>
<arg>db_host=localhost</arg>
<arg>db_port=5432</arg>
<doc>Creates a database connection using the DB API 2.0 ``db_module`` and the parameters provided.
Along with listed commonly used arguments (`db_name`, `db_host` etc.)
you can set any other DB module specific parameters as key/value pairs.</doc>
<status status="PASS" start="2025-10-11T18:42:24.477840" elapsed="0.124129"/>
</kw>
<status status="PASS" start="2025-10-11T18:42:24.477471" elapsed="0.125106"/>
</kw>
<kw name="Limpar Tabela">
<kw name="Row Count" owner="DatabaseLibrary">
<msg time="2025-10-11T18:42:24.605945" level="INFO" html="true">Executing sql:&lt;br&gt;&lt;code style="font-weight: bold;"&gt;SELECT * FROM account&lt;/code&gt;</msg>
<msg time="2025-10-11T18:42:24.612258" level="INFO">Commit the transaction</msg>
<msg time="2025-10-11T18:42:24.612695" level="INFO">Retrieved 2 rows</msg>
<msg time="2025-10-11T18:42:24.612860" level="INFO" html="true">&lt;div style="max-width: 100%; overflow-x: auto; max-height: 500px; overflow-y: auto;"&gt;&lt;table style="width: auto; border-collapse: collapse; border: 2px solid rgb(140 140 140)"&gt;&lt;caption style="text-align: left; font-weight: bold; padding: 5px;"&gt;Query returned 2 rows&lt;/caption&gt;&lt;tr&gt;&lt;th scope="col" style="position: sticky; top: 0; color:black; background-color: #d6ecd4; border: 1px solid rgb(160 160 160);padding: 8px 10px;text-align: center;"&gt;Row&lt;/th&gt;&lt;th scope="col" style="position: sticky; top: 0; background-color: #505050; color: #fff;border: 1px solid rgb(160 160 160);padding: 8px 10px;text-align: center;"&gt;user_id&lt;/th&gt;&lt;th scope="col" style="position: sticky; top: 0; background-color: #505050; color: #fff;border: 1px solid rgb(160 160 160);padding: 8px 10px;text-align: center;"&gt;username&lt;/th&gt;&lt;th scope="col" style="position: sticky; top: 0; background-color: #505050; color: #fff;border: 1px solid rgb(160 160 160);padding: 8px 10px;text-align: center;"&gt;password&lt;/th&gt;&lt;th scope="col" style="position: sticky; top: 0; background-color: #505050; color: #fff;border: 1px solid rgb(160 160 160);padding: 8px 10px;text-align: center;"&gt;email&lt;/th&gt;&lt;/tr&gt;&lt;tr style="background-color: var(--secondary-color, #eee)"&gt;&lt;th scope="row" style="color:black; background-color: #d6ecd4;border: 1px solid rgb(160 160 160);padding: 8px 10px;text-align: center;"&gt;0&lt;/th&gt;&lt;td style="border: 1px solid rgb(160 160 160);padding: 8px 10px;text-align: center;"&gt;1&lt;/td&gt;&lt;td style="border: 1px solid rgb(160 160 160);padding: 8px 10px;text-align: center;"&gt;May Fernandes&lt;/td&gt;&lt;td style="border: 1px solid rgb(160 160 160);padding: 8px 10px;text-align: center;"&gt;robot123&lt;/td&gt;&lt;td style="border: 1px solid rgb(160 160 160);padding: 8px 10px;text-align: center;"&gt;robotizando@robot.com&lt;/td&gt;&lt;/tr&gt;&lt;tr&gt;&lt;th scope="row" style="color:black; background-color: #d6ecd4;border: 1px solid rgb(160 160 160);padding: 8px 10px;text-align: center;"&gt;1&lt;/th&gt;&lt;td style="border: 1px solid rgb(160 160 160);padding: 8px 10px;text-align: center;"&gt;2&lt;/td&gt;&lt;td style="border: 1px solid rgb(160 160 160);padding: 8px 10px;text-align: center;"&gt;Luiz Silva&lt;/td&gt;&lt;td style="border: 1px solid rgb(160 160 160);padding: 8px 10px;text-align: center;"&gt;robot987&lt;/td&gt;&lt;td style="border: 1px solid rgb(160 160 160);padding: 8px 10px;text-align: center;"&gt;robotizando2@robot.com&lt;/td&gt;&lt;/tr&gt;&lt;/table&gt;&lt;/div&gt;</msg>
<msg time="2025-10-11T18:42:24.613176" level="INFO">${REGISTROS} = 2</msg>
<var>${REGISTROS}</var>
<arg>select_statement=SELECT * FROM ${TABELA}</arg>
<doc>Runs a query with the ``select_statement`` and returns the number of rows in the result.</doc>
<status status="PASS" start="2025-10-11T18:42:24.605349" elapsed="0.007891"/>
</kw>
<kw name="Run Keyword If" owner="BuiltIn">
<kw name="Delete All Rows From Table" owner="DatabaseLibrary">
<msg time="2025-10-11T18:42:24.614569" level="INFO" html="true">Executing sql:&lt;br&gt;&lt;code style="font-weight: bold;"&gt;DELETE FROM account&lt;/code&gt;</msg>
<msg time="2025-10-11T18:42:24.615993" level="INFO">Commit the transaction</msg>
<arg>${TABELA}</arg>
<doc>Deletes all rows from table with ``table_name``.</doc>
<status status="PASS" start="2025-10-11T18:42:24.614192" elapsed="0.007636"/>
</kw>
<arg>${REGISTROS} &gt; 0</arg>
<arg>Delete All Rows From Table</arg>
<arg>${TABELA}</arg>
<doc>Runs the given keyword with the given arguments, if ``condition`` is true.</doc>
<status status="PASS" start="2025-10-11T18:42:24.613578" elapsed="0.008906"/>
</kw>
<arg>account</arg>
<status status="PASS" start="2025-10-11T18:42:24.603201" elapsed="0.019486"/>
</kw>
<kw name="Executar script via STRING no Banco de Dados">
<kw name="Execute Sql String" owner="DatabaseLibrary">
<msg time="2025-10-11T18:42:24.624690" level="INFO" html="true">Executing sql:&lt;br&gt;&lt;code style="font-weight: bold;"&gt;DROP table account&lt;/code&gt;</msg>
<msg time="2025-10-11T18:42:24.632286" level="INFO">Commit the transaction</msg>
<arg>sql_string=${SCRIPT}</arg>
<doc>Executes the ``sql_string`` as a single SQL command.</doc>
<status status="PASS" start="2025-10-11T18:42:24.624241" elapsed="0.022377"/>
</kw>
<arg>DROP table account</arg>
<status status="PASS" start="2025-10-11T18:42:24.623526" elapsed="0.023314"/>
</kw>
<kw name="Desconectar do Banco de Dados" type="TEARDOWN">
<kw name="Disconnect From Database" owner="DatabaseLibrary">
<doc>Disconnects from the database.</doc>
<status status="PASS" start="2025-10-11T18:42:24.647704" elapsed="0.000223"/>
</kw>
<status status="PASS" start="2025-10-11T18:42:24.647346" elapsed="0.000675"/>
</kw>
<status status="PASS" start="2025-10-11T18:42:24.476191" elapsed="0.172031"/>
</test>
<doc>[14/10/2019] https://marketsquare.github.io/Robotframework-Database-Library/#Check%20If%20Exists%20In%20Database
Instale: "pip install -U robotframework-databaselibrary"
Para acessar o BD o Robot precisa conhecer o DRIVER de cada banco, então precisamos instalar esse DRIVER também (instale apenas para o BD que você utiliza!) ...
Para PostgreSQL: "pip install psycopg2"
Para SQLite 3: não precisa instalar nada!
Para MySQL: "pip install pymysql"
Para SQL Server: "pip install pymssql"
Para Oracle: "pip install cx-Oracle"</doc>
<status status="FAIL" start="2025-10-11T18:42:23.964821" elapsed="0.684496"/>
</suite>
<status status="FAIL" start="2025-10-11T18:42:23.866173" elapsed="0.791499"/>
</suite>
<statistics>
<total>
<stat pass="2" fail="2" skip="0">All Tests</stat>
</total>
<tag>
</tag>
<suite>
<stat name="DatabaseLibrary" id="s1" pass="2" fail="2" skip="0">DatabaseLibrary</stat>
<stat name="Database" id="s1-s1" pass="2" fail="2" skip="0">DatabaseLibrary.Database</stat>
</suite>
</statistics>
<errors>
<msg time="2025-10-11T18:42:23.853887" level="WARN">Error in file 'C:\RobotMay\DatabaseLibrary\database.robot' on line 63: The '[Return]' setting is deprecated. Use the 'RETURN' statement instead.</msg>
</errors>
</robot>
