<?xml version="1.0" encoding="UTF-8"?>
<robot generator="Robot 7.3.2 (Python 3.13.2 on win32)" generated="2025-12-26T20:15:18.727769" rpa="false" schemaversion="5">
<suite id="s1" name="RobotMay" source="C:\RobotMay">
<suite id="s1-s1" name="Docker" source="C:\RobotMay\docker">
<suite id="s1-s1-s1" name="Suites" source="C:\RobotMay\docker\suites">
<suite id="s1-s1-s1-s1" name="TestCaseExemploFakerLibrary" source="C:\RobotMay\docker\suites\TestCaseExemploFakerLibrary.robot">
<test id="s1-s1-s1-s1-t1" name="Imprime exemplos de utilidades da library FakerLibrary" line="6">
<kw name="Exemplos relacionados a pessoa">
<kw name="Name" owner="FakerLibrary">
<msg time="2025-12-26T20:15:19.789443" level="INFO">${NOMEFAKE} = Michael Bautista</msg>
<var>${NOMEFAKE}</var>
<doc>:example: 'John Doe'</doc>
<status status="PASS" start="2025-12-26T20:15:19.788680" elapsed="0.001550"/>
</kw>
<kw name="Address" owner="FakerLibrary">
<msg time="2025-12-26T20:15:19.791868" level="INFO">${ENDERECOFAKE} = 0040 Tyrone Manors
Nguyenside, HI 53125</msg>
<var>${ENDERECOFAKE}</var>
<doc>:example: '791 Crist Parks, Sashabury, IL 86039-9874'</doc>
<status status="PASS" start="2025-12-26T20:15:19.790568" elapsed="0.001614"/>
</kw>
<kw name="Phone Number" owner="FakerLibrary">
<msg time="2025-12-26T20:15:19.793420" level="INFO">${TELEFONEFAKE} = 623-466-3382</msg>
<var>${TELEFONEFAKE}</var>
<status status="PASS" start="2025-12-26T20:15:19.792607" elapsed="0.001168"/>
</kw>
<kw name="City" owner="FakerLibrary">
<msg time="2025-12-26T20:15:19.795131" level="INFO">${CIDADEFAKE} = Devonmouth</msg>
<var>${CIDADEFAKE}</var>
<doc>:example: 'Sashabury'</doc>
<status status="PASS" start="2025-12-26T20:15:19.794190" elapsed="0.001308"/>
</kw>
<kw name="Postalcode" owner="FakerLibrary">
<msg time="2025-12-26T20:15:19.796461" level="INFO">${CODIGOPOSTALFAKE} = 92847</msg>
<var>${CODIGOPOSTALFAKE}</var>
<status status="PASS" start="2025-12-26T20:15:19.795897" elapsed="0.000848"/>
</kw>
<kw name="Job" owner="FakerLibrary">
<msg time="2025-12-26T20:15:19.797750" level="INFO">${TRABALHOFAKE} = Engineer, structural</msg>
<var>${TRABALHOFAKE}</var>
<status status="PASS" start="2025-12-26T20:15:19.797115" elapsed="0.000873"/>
</kw>
<kw name="Create List" owner="BuiltIn">
<msg time="2025-12-26T20:15:19.802537" level="INFO">@{PESSOA} = [ Nome Aleatório: Michael Bautista | Endereço Aleatório: 0040 Tyrone Manors
Nguyenside, HI 53125 | Telefone Aleatório: 623-466-3382 | Cidade Aleatória: Devonmouth | CódigoPostal Aleatório: 92847 | Tra...</msg>
<var>@{PESSOA}</var>
<arg>Nome Aleatório: ${NOMEFAKE}</arg>
<arg>Endereço Aleatório: ${ENDERECOFAKE}</arg>
<arg>Telefone Aleatório: ${TELEFONEFAKE}</arg>
<arg>Cidade Aleatória: ${CIDADEFAKE}</arg>
<arg>CódigoPostal Aleatório: ${CODIGOPOSTALFAKE}</arg>
<arg>Trabalho: ${TRABALHOFAKE}</arg>
<doc>Returns a list containing given items.</doc>
<status status="PASS" start="2025-12-26T20:15:19.799207" elapsed="0.003588"/>
</kw>
<kw name="Log Many" owner="BuiltIn">
<msg time="2025-12-26T20:15:19.803547" level="INFO">Nome Aleatório: Michael Bautista</msg>
<msg time="2025-12-26T20:15:19.803774" level="INFO">Endereço Aleatório: 0040 Tyrone Manors
Nguyenside, HI 53125</msg>
<msg time="2025-12-26T20:15:19.803954" level="INFO">Telefone Aleatório: 623-466-3382</msg>
<msg time="2025-12-26T20:15:19.804195" level="INFO">Cidade Aleatória: Devonmouth</msg>
<msg time="2025-12-26T20:15:19.804402" level="INFO">CódigoPostal Aleatório: 92847</msg>
<msg time="2025-12-26T20:15:19.804812" level="INFO">Trabalho: Engineer, structural</msg>
<arg>@{PESSOA}</arg>
<doc>Logs the given messages as separate entries using the INFO level.</doc>
<status status="PASS" start="2025-12-26T20:15:19.803086" elapsed="0.002038"/>
</kw>
<status status="PASS" start="2025-12-26T20:15:19.787446" elapsed="0.017920"/>
</kw>
<kw name="Exemplos relacionados a datas">
<kw name="Date" owner="FakerLibrary">
<msg time="2025-12-26T20:15:19.808279" level="INFO">${DATAFAKE} = 1990-09-21</msg>
<var>${DATAFAKE}</var>
<doc>Get a date string between January 1, 1970 and now.</doc>
<status status="PASS" start="2025-12-26T20:15:19.807437" elapsed="0.001339"/>
</kw>
<kw name="Month" owner="FakerLibrary">
<msg time="2025-12-26T20:15:19.809618" level="INFO">${MESFAKE} = 07</msg>
<var>${MESFAKE}</var>
<doc>:sample:</doc>
<status status="PASS" start="2025-12-26T20:15:19.809014" elapsed="0.000799"/>
</kw>
<kw name="Year" owner="FakerLibrary">
<msg time="2025-12-26T20:15:19.810432" level="INFO">${ANOFAKE} = 2015</msg>
<var>${ANOFAKE}</var>
<doc>:sample:</doc>
<status status="PASS" start="2025-12-26T20:15:19.810007" elapsed="0.000613"/>
</kw>
<kw name="Day Of Week" owner="FakerLibrary">
<msg time="2025-12-26T20:15:19.811389" level="INFO">${DIADASEMANAFAKE} = Sunday</msg>
<var>${DIADASEMANAFAKE}</var>
<doc>:sample:</doc>
<status status="PASS" start="2025-12-26T20:15:19.810833" elapsed="0.000725"/>
</kw>
<kw name="Day Of Month" owner="FakerLibrary">
<msg time="2025-12-26T20:15:19.812291" level="INFO">${DIADOMESFAKE} = 10</msg>
<var>${DIADOMESFAKE}</var>
<doc>:sample:</doc>
<status status="PASS" start="2025-12-26T20:15:19.811784" elapsed="0.000737"/>
</kw>
<kw name="Create List" owner="BuiltIn">
<msg time="2025-12-26T20:15:19.813330" level="INFO">@{DATAS} = [ Data Aleatória: 1990-09-21 | Mês Aleatório: 07 | Ano Aleatório: 2015 | Dia da Semana Aleatório: Sunday | Dia do Mês Aleatório: 10 ]</msg>
<var>@{DATAS}</var>
<arg>Data Aleatória: ${DATAFAKE}</arg>
<arg>Mês Aleatório: ${MESFAKE}</arg>
<arg>Ano Aleatório: ${ANOFAKE}</arg>
<arg>Dia da Semana Aleatório: ${DIADASEMANAFAKE}</arg>
<arg>Dia do Mês Aleatório: ${DIADOMESFAKE}</arg>
<doc>Returns a list containing given items.</doc>
<status status="PASS" start="2025-12-26T20:15:19.812708" elapsed="0.000815"/>
</kw>
<kw name="Log Many" owner="BuiltIn">
<msg time="2025-12-26T20:15:19.814127" level="INFO">Data Aleatória: 1990-09-21</msg>
<msg time="2025-12-26T20:15:19.814348" level="INFO">Mês Aleatório: 07</msg>
<msg time="2025-12-26T20:15:19.814598" level="INFO">Ano Aleatório: 2015</msg>
<msg time="2025-12-26T20:15:19.814775" level="INFO">Dia da Semana Aleatório: Sunday</msg>
<msg time="2025-12-26T20:15:19.815004" level="INFO">Dia do Mês Aleatório: 10</msg>
<arg>@{DATAS}</arg>
<doc>Logs the given messages as separate entries using the INFO level.</doc>
<status status="PASS" start="2025-12-26T20:15:19.813736" elapsed="0.001775"/>
</kw>
<status status="PASS" start="2025-12-26T20:15:19.806424" elapsed="0.009421"/>
</kw>
<kw name="Exemplos diversos">
<kw name="Email" owner="FakerLibrary">
<msg time="2025-12-26T20:15:19.818606" level="INFO">${EMAILFAKE} = masonsylvia@example.com</msg>
<var>${EMAILFAKE}</var>
<status status="PASS" start="2025-12-26T20:15:19.817258" elapsed="0.001844"/>
</kw>
<kw name="Password" owner="FakerLibrary">
<msg time="2025-12-26T20:15:19.820270" level="INFO">${PASSWORDFAKE} = (#&amp;1X7Wit1</msg>
<var>${PASSWORDFAKE}</var>
<doc>Generate a random password of the specified ``length``.</doc>
<status status="PASS" start="2025-12-26T20:15:19.819377" elapsed="0.001213"/>
</kw>
<kw name="Color Name" owner="FakerLibrary">
<msg time="2025-12-26T20:15:19.821285" level="INFO">${CORFAKE} = DeepSkyBlue</msg>
<var>${CORFAKE}</var>
<doc>Generate a color name.</doc>
<status status="PASS" start="2025-12-26T20:15:19.820822" elapsed="0.000632"/>
</kw>
<kw name="Credit Card Number" owner="FakerLibrary">
<msg time="2025-12-26T20:15:19.822680" level="INFO">${CARTAODECREDITOFAKE} = 4565558314202474275</msg>
<var>${CARTAODECREDITOFAKE}</var>
<doc>Generate a valid credit card number.</doc>
<status status="PASS" start="2025-12-26T20:15:19.821808" elapsed="0.001043"/>
</kw>
<kw name="Word" owner="FakerLibrary">
<msg time="2025-12-26T20:15:19.823560" level="INFO">${PALAVRAFAKE} = face</msg>
<var>${PALAVRAFAKE}</var>
<doc>Generate a word.</doc>
<status status="PASS" start="2025-12-26T20:15:19.823062" elapsed="0.000680"/>
</kw>
<kw name="Create List" owner="BuiltIn">
<msg time="2025-12-26T20:15:19.824641" level="INFO">@{OUTROS} = [ E-mail Aleatório: masonsylvia@example.com | Senha Aleatória: (#&amp;1X7Wit1 | Cor Aleatório: DeepSkyBlue | Cartão de Crédito Aleatório: 4565558314202474275 | Palavra Aleatória: face ]</msg>
<var>@{OUTROS}</var>
<arg>E-mail Aleatório: ${EMAILFAKE}</arg>
<arg>Senha Aleatória: ${PASSWORDFAKE}</arg>
<arg>Cor Aleatório: ${CORFAKE}</arg>
<arg>Cartão de Crédito Aleatório: ${CARTAODECREDITOFAKE}</arg>
<arg>Palavra Aleatória: ${PALAVRAFAKE}</arg>
<doc>Returns a list containing given items.</doc>
<status status="PASS" start="2025-12-26T20:15:19.823937" elapsed="0.001166"/>
</kw>
<kw name="Log Many" owner="BuiltIn">
<msg time="2025-12-26T20:15:19.825782" level="INFO">E-mail Aleatório: masonsylvia@example.com</msg>
<msg time="2025-12-26T20:15:19.826107" level="INFO">Senha Aleatória: (#&amp;1X7Wit1</msg>
<msg time="2025-12-26T20:15:19.826322" level="INFO">Cor Aleatório: DeepSkyBlue</msg>
<msg time="2025-12-26T20:15:19.826568" level="INFO">Cartão de Crédito Aleatório: 4565558314202474275</msg>
<msg time="2025-12-26T20:15:19.826752" level="INFO">Palavra Aleatória: face</msg>
<arg>@{OUTROS}</arg>
<doc>Logs the given messages as separate entries using the INFO level.</doc>
<status status="PASS" start="2025-12-26T20:15:19.825386" elapsed="0.001686"/>
</kw>
<status status="PASS" start="2025-12-26T20:15:19.816460" elapsed="0.010949"/>
</kw>
<status status="PASS" start="2025-12-26T20:15:19.781298" elapsed="0.046590"/>
</test>
<doc>Exemplo de uso da Library Faker</doc>
<status status="PASS" start="2025-12-26T20:15:18.977971" elapsed="0.858222"/>
</suite>
<status status="PASS" start="2025-12-26T20:15:18.960615" elapsed="0.882306"/>
</suite>
<status status="PASS" start="2025-12-26T20:15:18.948386" elapsed="0.899280"/>
</suite>
<status status="PASS" start="2025-12-26T20:15:18.742111" elapsed="1.202696"/>
</suite>
<statistics>
<total>
<stat pass="1" fail="0" skip="0">All Tests</stat>
</total>
<tag>
</tag>
<suite>
<stat name="RobotMay" id="s1" pass="1" fail="0" skip="0">RobotMay</stat>
<stat name="Docker" id="s1-s1" pass="1" fail="0" skip="0">RobotMay.Docker</stat>
<stat name="Suites" id="s1-s1-s1" pass="1" fail="0" skip="0">RobotMay.Docker.Suites</stat>
<stat name="TestCaseExemploFakerLibrary" id="s1-s1-s1-s1" pass="1" fail="0" skip="0">RobotMay.Docker.Suites.TestCaseExemploFakerLibrary</stat>
</suite>
</statistics>
<errors>
</errors>
</robot>
