<?xml version="1.0" encoding="UTF-8"?>
<robot generator="Robot 7.3.2 (Python 3.13.2 on win32)" generated="2025-12-20T10:36:48.247009" rpa="false" schemaversion="5">
<suite id="s1" name="myLibrary" source="C:\RobotMay\MyCustomLibraries\myLibrary.robot">
<test id="s1-t1" name="Teste de conversão de string para HASH sha256" line="5">
<kw name="Converter &quot;Estou ficando ninja em Robot Framework!!&quot; para sha256" source_name="Converter &quot;${CONTEUDO}&quot; para sha256">
<kw name="Gerar Hash" owner="geradorHash">
<msg time="2025-12-20T10:36:48.352897" level="INFO">Conteúdo: Estou ficando ninja em Robot Framework!!
Hash gerado: 6526496e1589bb11988c5fd1051d8927a1160b1c3da51ca93ff6e2eab6ecfa38</msg>
<msg time="2025-12-20T10:36:48.353113" level="INFO">${CONTEUDO_HASH} = 6526496e1589bb11988c5fd1051d8927a1160b1c3da51ca93ff6e2eab6ecfa38</msg>
<var>${CONTEUDO_HASH}</var>
<arg>${CONTEUDO}</arg>
<status status="PASS" start="2025-12-20T10:36:48.352056" elapsed="0.001124"/>
</kw>
<kw name="Log" owner="BuiltIn">
<msg time="2025-12-20T10:36:48.353925" level="INFO">6526496e1589bb11988c5fd1051d8927a1160b1c3da51ca93ff6e2eab6ecfa38</msg>
<arg>${CONTEUDO_HASH}</arg>
<doc>Logs the given message with the given level.</doc>
<status status="PASS" start="2025-12-20T10:36:48.353687" elapsed="0.000334"/>
</kw>
<status status="PASS" start="2025-12-20T10:36:48.350864" elapsed="0.003266"/>
</kw>
<status status="PASS" start="2025-12-20T10:36:48.349735" elapsed="0.004724"/>
</test>
<test id="s1-t2" name="Teste de conversão de arquivo para HASH sha256" line="8">
<kw name="Converter o arquivo &quot;arquivo_PDF.pdf&quot; para sha256" source_name="Converter o arquivo &quot;${FILE}&quot; para sha256">
<kw name="Gerar Hash Arquivo" owner="geradorHash">
<msg time="2025-12-20T10:36:48.356984" level="INFO">Arquivo: ./arquivo_PDF.pdf
Hash gerado: d9021489da6cd18be2f0954475524f1c2d37628e127a1e23ee9941e133dcbc7f</msg>
<msg time="2025-12-20T10:36:48.357132" level="INFO">${CONTEUDO_HASH} = d9021489da6cd18be2f0954475524f1c2d37628e127a1e23ee9941e133dcbc7f</msg>
<var>${CONTEUDO_HASH}</var>
<arg>./${FILE}</arg>
<status status="PASS" start="2025-12-20T10:36:48.356320" elapsed="0.000849"/>
</kw>
<kw name="Log" owner="BuiltIn">
<msg time="2025-12-20T10:36:48.357518" level="INFO">d9021489da6cd18be2f0954475524f1c2d37628e127a1e23ee9941e133dcbc7f</msg>
<arg>${CONTEUDO_HASH}</arg>
<doc>Logs the given message with the given level.</doc>
<status status="PASS" start="2025-12-20T10:36:48.357332" elapsed="0.000247"/>
</kw>
<status status="PASS" start="2025-12-20T10:36:48.355965" elapsed="0.001722"/>
</kw>
<status status="PASS" start="2025-12-20T10:36:48.355322" elapsed="0.002669"/>
</test>
<status status="PASS" start="2025-12-20T10:36:48.253362" elapsed="0.105980"/>
</suite>
<statistics>
<total>
<stat pass="2" fail="0" skip="0">All Tests</stat>
</total>
<tag>
</tag>
<suite>
<stat name="myLibrary" id="s1" pass="2" fail="0" skip="0">myLibrary</stat>
</suite>
</statistics>
<errors>
</errors>
</robot>
